<?xml version="1.0" encoding="UTF-8" ?>
<testsuite failures="0" time="1.633" errors="0" skipped="0" tests="3" name="Pallu.webapp.controller.UserFormControllerTest">
  <properties>
    <property name="java.runtime.name" value="Java(TM) SE Runtime Environment"/>
    <property name="sun.boot.library.path" value="C:\Program Files\Java\jdk1.7.0_51\jre\bin"/>
    <property name="java.vm.version" value="24.51-b03"/>
    <property name="java.vm.vendor" value="Oracle Corporation"/>
    <property name="java.vendor.url" value="http://java.oracle.com/"/>
    <property name="path.separator" value=";"/>
    <property name="java.vm.name" value="Java HotSpot(TM) 64-Bit Server VM"/>
    <property name="file.encoding.pkg" value="sun.io"/>
    <property name="user.script" value=""/>
    <property name="user.country" value="US"/>
    <property name="sun.java.launcher" value="SUN_STANDARD"/>
    <property name="sun.os.patch.level" value="Service Pack 1"/>
    <property name="java.vm.specification.name" value="Java Virtual Machine Specification"/>
    <property name="user.dir" value="D:\Maven\pallu"/>
    <property name="java.runtime.version" value="1.7.0_51-b13"/>
    <property name="java.awt.graphicsenv" value="sun.awt.Win32GraphicsEnvironment"/>
    <property name="basedir" value="D:\Maven\pallu"/>
    <property name="java.endorsed.dirs" value="C:\Program Files\Java\jdk1.7.0_51\jre\lib\endorsed"/>
    <property name="os.arch" value="amd64"/>
    <property name="surefire.real.class.path" value="D:\Maven\pallu\target\surefire\surefirebooter2188202926530388196.jar"/>
    <property name="java.io.tmpdir" value="C:\Users\SUKUMAR\AppData\Local\Temp\"/>
    <property name="line.separator" value="
"/>
    <property name="java.vm.specification.vendor" value="Oracle Corporation"/>
    <property name="user.variant" value=""/>
    <property name="os.name" value="Windows 7"/>
    <property name="sun.jnu.encoding" value="Cp1252"/>
    <property name="java.library.path" value="C:\Program Files\Java\jdk1.7.0_51\jre\bin;C:\Windows\Sun\Java\bin;C:\Windows\system32;C:\Windows;C:\app\SUKUMAR\product\12.1.0\dbhome_2\bin;C:\app\sukumar\product\12.1.0\dbhome_1\bin;C:\Perl64\site\bin;C:\Perl64\bin;C:\Program Files\Common Files\Microsoft Shared\Windows Live;C:\Program Files (x86)\Common Files\Microsoft Shared\Windows Live;C:\Windows\system32;C:\Windows;C:\Windows\System32\Wbem;C:\Windows\System32\WindowsPowerShell\v1.0\;C:\Program Files\Intel\WiFi\bin\;C:\Program Files\Common Files\Intel\WirelessCommon\;C:\Program Files (x86)\Sony\VAIO Startup Setting Tool;C:\Program Files (x86)\Windows Live\Shared;c:\Program Files (x86)\Microsoft SQL Server\100\Tools\Binn\;c:\Program Files\Microsoft SQL Server\100\Tools\Binn\;c:\Program Files\Microsoft SQL Server\100\DTS\Binn\;c:\Program Files (x86)\Microsoft SQL Server\100\Tools\Binn\VSShell\Common7\IDE\;c:\Program Files (x86)\Microsoft SQL Server\100\DTS\Binn\;C:\Program Files (x86)\QuickTime\QTSystem\;C:\apache-maven-3.2.1\bin;."/>
    <property name="surefire.test.class.path" value="D:\Maven\pallu\target\test-classes;D:\Maven\pallu\target\classes;C:\Users\SUKUMAR\.m2\repository\org\appfuse\appfuse-service\2.2.1\appfuse-service-2.2.1.jar;C:\Users\SUKUMAR\.m2\repository\javax\mail\mail\1.4.1\mail-1.4.1.jar;C:\Users\SUKUMAR\.m2\repository\velocity\velocity\1.4\velocity-1.4.jar;C:\Users\SUKUMAR\.m2\repository\velocity\velocity-dep\1.4\velocity-dep-1.4.jar;C:\Users\SUKUMAR\.m2\repository\org\apache\cxf\cxf-rt-frontend-jaxrs\2.7.0\cxf-rt-frontend-jaxrs-2.7.0.jar;C:\Users\SUKUMAR\.m2\repository\org\apache\cxf\cxf-api\2.7.0\cxf-api-2.7.0.jar;C:\Users\SUKUMAR\.m2\repository\org\codehaus\woodstox\woodstox-core-asl\4.1.4\woodstox-core-asl-4.1.4.jar;C:\Users\SUKUMAR\.m2\repository\org\codehaus\woodstox\stax2-api\3.1.1\stax2-api-3.1.1.jar;C:\Users\SUKUMAR\.m2\repository\org\apache\ws\xmlschema\xmlschema-core\2.0.3\xmlschema-core-2.0.3.jar;C:\Users\SUKUMAR\.m2\repository\org\apache\geronimo\specs\geronimo-javamail_1.4_spec\1.7.1\geronimo-javamail_1.4_spec-1.7.1.jar;C:\Users\SUKUMAR\.m2\repository\wsdl4j\wsdl4j\1.6.2\wsdl4j-1.6.2.jar;C:\Users\SUKUMAR\.m2\repository\org\apache\cxf\cxf-rt-core\2.7.0\cxf-rt-core-2.7.0.jar;C:\Users\SUKUMAR\.m2\repository\javax\ws\rs\javax.ws.rs-api\2.0-m10\javax.ws.rs-api-2.0-m10.jar;C:\Users\SUKUMAR\.m2\repository\org\apache\cxf\cxf-rt-bindings-xml\2.7.0\cxf-rt-bindings-xml-2.7.0.jar;C:\Users\SUKUMAR\.m2\repository\org\apache\cxf\cxf-rt-transports-http\2.7.0\cxf-rt-transports-http-2.7.0.jar;C:\Users\SUKUMAR\.m2\repository\org\apache\cxf\cxf-rt-frontend-jaxws\2.7.0\cxf-rt-frontend-jaxws-2.7.0.jar;C:\Users\SUKUMAR\.m2\repository\xml-resolver\xml-resolver\1.2\xml-resolver-1.2.jar;C:\Users\SUKUMAR\.m2\repository\asm\asm\3.3.1\asm-3.3.1.jar;C:\Users\SUKUMAR\.m2\repository\org\apache\cxf\cxf-rt-bindings-soap\2.7.0\cxf-rt-bindings-soap-2.7.0.jar;C:\Users\SUKUMAR\.m2\repository\org\apache\cxf\cxf-rt-databinding-jaxb\2.7.0\cxf-rt-databinding-jaxb-2.7.0.jar;C:\Users\SUKUMAR\.m2\repository\org\apache\cxf\cxf-rt-frontend-simple\2.7.0\cxf-rt-frontend-simple-2.7.0.jar;C:\Users\SUKUMAR\.m2\repository\org\apache\cxf\cxf-rt-ws-addr\2.7.0\cxf-rt-ws-addr-2.7.0.jar;C:\Users\SUKUMAR\.m2\repository\org\apache\cxf\cxf-rt-ws-policy\2.7.0\cxf-rt-ws-policy-2.7.0.jar;C:\Users\SUKUMAR\.m2\repository\org\apache\neethi\neethi\3.0.2\neethi-3.0.2.jar;C:\Users\SUKUMAR\.m2\repository\org\codehaus\jackson\jackson-jaxrs\1.7.1\jackson-jaxrs-1.7.1.jar;C:\Users\SUKUMAR\.m2\repository\org\codehaus\jackson\jackson-core-asl\1.7.1\jackson-core-asl-1.7.1.jar;C:\Users\SUKUMAR\.m2\repository\org\codehaus\jackson\jackson-mapper-asl\1.7.1\jackson-mapper-asl-1.7.1.jar;C:\Users\SUKUMAR\.m2\repository\org\springframework\spring-aspects\3.1.3.RELEASE\spring-aspects-3.1.3.RELEASE.jar;C:\Users\SUKUMAR\.m2\repository\org\springframework\spring-context-support\3.1.3.RELEASE\spring-context-support-3.1.3.RELEASE.jar;C:\Users\SUKUMAR\.m2\repository\commons-dbcp\commons-dbcp\1.3\commons-dbcp-1.3.jar;C:\Users\SUKUMAR\.m2\repository\commons-pool\commons-pool\1.5.4\commons-pool-1.5.4.jar;C:\Users\SUKUMAR\.m2\repository\org\directwebremoting\dwr\2.0.3\dwr-2.0.3.jar;C:\Users\SUKUMAR\.m2\repository\net\sf\ehcache\ehcache-web\2.0.4\ehcache-web-2.0.4.jar;C:\Users\SUKUMAR\.m2\repository\net\sf\ehcache\ehcache-core\2.6.2\ehcache-core-2.6.2.jar;C:\Users\SUKUMAR\.m2\repository\javax\servlet\jstl\1.2\jstl-1.2.jar;C:\Users\SUKUMAR\.m2\repository\mysql\mysql-connector-java\5.1.22\mysql-connector-java-5.1.22.jar;C:\Users\SUKUMAR\.m2\repository\struts-menu\struts-menu\2.4.3\struts-menu-2.4.3.jar;C:\Users\SUKUMAR\.m2\repository\velocity-tools\velocity-tools-view\1.0\velocity-tools-view-1.0.jar;C:\Users\SUKUMAR\.m2\repository\opensymphony\sitemesh\2.4.2\sitemesh-2.4.2.jar;C:\Users\SUKUMAR\.m2\repository\org\springframework\spring-aop\3.1.3.RELEASE\spring-aop-3.1.3.RELEASE.jar;C:\Users\SUKUMAR\.m2\repository\aopalliance\aopalliance\1.0\aopalliance-1.0.jar;C:\Users\SUKUMAR\.m2\repository\org\springframework\spring-asm\3.1.3.RELEASE\spring-asm-3.1.3.RELEASE.jar;C:\Users\SUKUMAR\.m2\repository\org\springframework\spring-beans\3.1.3.RELEASE\spring-beans-3.1.3.RELEASE.jar;C:\Users\SUKUMAR\.m2\repository\org\springframework\spring-core\3.1.3.RELEASE\spring-core-3.1.3.RELEASE.jar;C:\Users\SUKUMAR\.m2\repository\org\springframework\security\spring-security-taglibs\3.1.3.RELEASE\spring-security-taglibs-3.1.3.RELEASE.jar;C:\Users\SUKUMAR\.m2\repository\org\springframework\security\spring-security-acl\3.1.3.RELEASE\spring-security-acl-3.1.3.RELEASE.jar;C:\Users\SUKUMAR\.m2\repository\org\springframework\security\spring-security-web\3.1.3.RELEASE\spring-security-web-3.1.3.RELEASE.jar;C:\Users\SUKUMAR\.m2\repository\org\springframework\spring-webmvc\3.1.3.RELEASE\spring-webmvc-3.1.3.RELEASE.jar;C:\Users\SUKUMAR\.m2\repository\org\springframework\spring-context\3.1.3.RELEASE\spring-context-3.1.3.RELEASE.jar;C:\Users\SUKUMAR\.m2\repository\org\springframework\spring-expression\3.1.3.RELEASE\spring-expression-3.1.3.RELEASE.jar;C:\Users\SUKUMAR\.m2\repository\org\springframework\spring-web\3.1.3.RELEASE\spring-web-3.1.3.RELEASE.jar;C:\Users\SUKUMAR\.m2\repository\org\tuckey\urlrewritefilter\3.1.0\urlrewritefilter-3.1.0.jar;C:\Users\SUKUMAR\.m2\repository\commons-lang\commons-lang\2.6\commons-lang-2.6.jar;C:\Users\SUKUMAR\.m2\repository\org\springframework\security\spring-security-core\3.1.3.RELEASE\spring-security-core-3.1.3.RELEASE.jar;C:\Users\SUKUMAR\.m2\repository\org\springframework\security\spring-security-config\3.1.3.RELEASE\spring-security-config-3.1.3.RELEASE.jar;C:\Users\SUKUMAR\.m2\repository\org\aspectj\aspectjweaver\1.6.10\aspectjweaver-1.6.10.jar;C:\Users\SUKUMAR\.m2\repository\org\aspectj\aspectjrt\1.6.10\aspectjrt-1.6.10.jar;C:\Users\SUKUMAR\.m2\repository\org\slf4j\slf4j-api\1.6.1\slf4j-api-1.6.1.jar;C:\Users\SUKUMAR\.m2\repository\org\slf4j\jcl-over-slf4j\1.6.1\jcl-over-slf4j-1.6.1.jar;C:\Users\SUKUMAR\.m2\repository\org\slf4j\slf4j-log4j12\1.6.1\slf4j-log4j12-1.6.1.jar;C:\Users\SUKUMAR\.m2\repository\log4j\log4j\1.2.17\log4j-1.2.17.jar;C:\Users\SUKUMAR\.m2\repository\org\appfuse\appfuse-hibernate\2.2.1\appfuse-hibernate-2.2.1.jar;C:\Users\SUKUMAR\.m2\repository\org\appfuse\appfuse-data-common\2.2.1\appfuse-data-common-2.2.1.jar;C:\Users\SUKUMAR\.m2\repository\org\hibernate\java-persistence\jpa-api\2.0-cr-1\jpa-api-2.0-cr-1.jar;C:\Users\SUKUMAR\.m2\repository\javax\xml\bind\jaxb-api\2.2\jaxb-api-2.2.jar;C:\Users\SUKUMAR\.m2\repository\org\hibernate\hibernate-search\4.1.1.Final\hibernate-search-4.1.1.Final.jar;C:\Users\SUKUMAR\.m2\repository\org\hibernate\hibernate-search-orm\4.1.1.Final\hibernate-search-orm-4.1.1.Final.jar;C:\Users\SUKUMAR\.m2\repository\org\hibernate\hibernate-search-engine\4.1.1.Final\hibernate-search-engine-4.1.1.Final.jar;C:\Users\SUKUMAR\.m2\repository\org\apache\avro\avro\1.5.1\avro-1.5.1.jar;C:\Users\SUKUMAR\.m2\repository\com\thoughtworks\paranamer\paranamer\2.3\paranamer-2.3.jar;C:\Users\SUKUMAR\.m2\repository\org\xerial\snappy\snappy-java\1.0.1-rc3\snappy-java-1.0.1-rc3.jar;C:\Users\SUKUMAR\.m2\repository\org\hibernate\hibernate-search-analyzers\4.1.1.Final\hibernate-search-analyzers-4.1.1.Final.jar;C:\Users\SUKUMAR\.m2\repository\org\apache\lucene\lucene-core\3.5.0\lucene-core-3.5.0.jar;C:\Users\SUKUMAR\.m2\repository\org\apache\lucene\lucene-analyzers\3.5.0\lucene-analyzers-3.5.0.jar;C:\Users\SUKUMAR\.m2\repository\org\apache\solr\solr-analysis-extras\3.5.0\solr-analysis-extras-3.5.0.jar;C:\Users\SUKUMAR\.m2\repository\org\apache\solr\solr-core\3.5.0\solr-core-3.5.0.jar;C:\Users\SUKUMAR\.m2\repository\org\apache\solr\solr-solrj\3.5.0\solr-solrj-3.5.0.jar;C:\Users\SUKUMAR\.m2\repository\org\apache\lucene\lucene-highlighter\3.5.0\lucene-highlighter-3.5.0.jar;C:\Users\SUKUMAR\.m2\repository\org\apache\lucene\lucene-memory\3.5.0\lucene-memory-3.5.0.jar;C:\Users\SUKUMAR\.m2\repository\org\apache\lucene\lucene-misc\3.5.0\lucene-misc-3.5.0.jar;C:\Users\SUKUMAR\.m2\repository\org\apache\lucene\lucene-spatial\3.5.0\lucene-spatial-3.5.0.jar;C:\Users\SUKUMAR\.m2\repository\org\apache\lucene\lucene-spellchecker\3.5.0\lucene-spellchecker-3.5.0.jar;C:\Users\SUKUMAR\.m2\repository\org\apache\lucene\lucene-grouping\3.5.0\lucene-grouping-3.5.0.jar;C:\Users\SUKUMAR\.m2\repository\org\apache\solr\solr-commons-csv\3.5.0\solr-commons-csv-3.5.0.jar;C:\Users\SUKUMAR\.m2\repository\com\google\guava\guava\r05\guava-r05.jar;C:\Users\SUKUMAR\.m2\repository\org\apache\lucene\lucene-smartcn\3.5.0\lucene-smartcn-3.5.0.jar;C:\Users\SUKUMAR\.m2\repository\org\apache\lucene\lucene-stempel\3.5.0\lucene-stempel-3.5.0.jar;C:\Users\SUKUMAR\.m2\repository\org\hibernate\hibernate-core\4.1.8.Final\hibernate-core-4.1.8.Final.jar;C:\Users\SUKUMAR\.m2\repository\org\jboss\logging\jboss-logging\3.1.0.GA\jboss-logging-3.1.0.GA.jar;C:\Users\SUKUMAR\.m2\repository\org\jboss\spec\javax\transaction\jboss-transaction-api_1.1_spec\1.0.0.Final\jboss-transaction-api_1.1_spec-1.0.0.Final.jar;C:\Users\SUKUMAR\.m2\repository\dom4j\dom4j\1.6.1\dom4j-1.6.1.jar;C:\Users\SUKUMAR\.m2\repository\org\hibernate\javax\persistence\hibernate-jpa-2.0-api\1.0.1.Final\hibernate-jpa-2.0-api-1.0.1.Final.jar;C:\Users\SUKUMAR\.m2\repository\org\javassist\javassist\3.15.0-GA\javassist-3.15.0-GA.jar;C:\Users\SUKUMAR\.m2\repository\org\hibernate\common\hibernate-commons-annotations\4.0.1.Final\hibernate-commons-annotations-4.0.1.Final.jar;C:\Users\SUKUMAR\.m2\repository\javassist\javassist\3.12.1.GA\javassist-3.12.1.GA.jar;C:\Users\SUKUMAR\.m2\repository\org\hibernate\hibernate-ehcache\4.1.8.Final\hibernate-ehcache-4.1.8.Final.jar;C:\Users\SUKUMAR\.m2\repository\commons-beanutils\commons-beanutils\1.8.3\commons-beanutils-1.8.3.jar;C:\Users\SUKUMAR\.m2\repository\org\springframework\spring-jdbc\3.1.3.RELEASE\spring-jdbc-3.1.3.RELEASE.jar;C:\Users\SUKUMAR\.m2\repository\org\springframework\spring-tx\3.1.3.RELEASE\spring-tx-3.1.3.RELEASE.jar;C:\Users\SUKUMAR\.m2\repository\org\springframework\spring-orm\3.1.3.RELEASE\spring-orm-3.1.3.RELEASE.jar;C:\Users\SUKUMAR\.m2\repository\com\h2database\h2\1.3.170\h2-1.3.170.jar;C:\Users\SUKUMAR\.m2\repository\javax\servlet\javax.servlet-api\3.0.1\javax.servlet-api-3.0.1.jar;C:\Users\SUKUMAR\.m2\repository\displaytag\displaytag\1.2\displaytag-1.2.jar;C:\Users\SUKUMAR\.m2\repository\commons-collections\commons-collections\3.1\commons-collections-3.1.jar;C:\Users\SUKUMAR\.m2\repository\com\lowagie\itext\1.3\itext-1.3.jar;C:\Users\SUKUMAR\.m2\repository\org\springmodules\spring-modules-validation\0.8\spring-modules-validation-0.8.jar;C:\Users\SUKUMAR\.m2\repository\commons-logging\commons-logging\1.0.4\commons-logging-1.0.4.jar;C:\Users\SUKUMAR\.m2\repository\commons-validator\commons-validator\1.3.0\commons-validator-1.3.0.jar;C:\Users\SUKUMAR\.m2\repository\oro\oro\2.0.8\oro-2.0.8.jar;C:\Users\SUKUMAR\.m2\repository\commons-digester\commons-digester\1.7\commons-digester-1.7.jar;C:\Users\SUKUMAR\.m2\repository\antlr\antlr\2.7.6\antlr-2.7.6.jar;C:\Users\SUKUMAR\.m2\repository\org\webjars\bootstrap\2.2.1\bootstrap-2.2.1.jar;C:\Users\SUKUMAR\.m2\repository\org\webjars\jquery\1.8.2\jquery-1.8.2.jar;C:\Users\SUKUMAR\.m2\repository\junit\junit\4.10\junit-4.10.jar;C:\Users\SUKUMAR\.m2\repository\org\hamcrest\hamcrest-core\1.1\hamcrest-core-1.1.jar;C:\Users\SUKUMAR\.m2\repository\org\jmock\jmock\2.5.1\jmock-2.5.1.jar;C:\Users\SUKUMAR\.m2\repository\org\hamcrest\hamcrest-library\1.1\hamcrest-library-1.1.jar;C:\Users\SUKUMAR\.m2\repository\org\jmock\jmock-junit4\2.5.1\jmock-junit4-2.5.1.jar;C:\Users\SUKUMAR\.m2\repository\junit\junit-dep\4.5\junit-dep-4.5.jar;C:\Users\SUKUMAR\.m2\repository\net\sourceforge\jwebunit\jwebunit-htmlunit-plugin\2.5\jwebunit-htmlunit-plugin-2.5.jar;C:\Users\SUKUMAR\.m2\repository\net\sourceforge\htmlunit\htmlunit\2.8\htmlunit-2.8.jar;C:\Users\SUKUMAR\.m2\repository\xalan\xalan\2.7.1\xalan-2.7.1.jar;C:\Users\SUKUMAR\.m2\repository\xalan\serializer\2.7.1\serializer-2.7.1.jar;C:\Users\SUKUMAR\.m2\repository\org\apache\httpcomponents\httpclient\4.0.1\httpclient-4.0.1.jar;C:\Users\SUKUMAR\.m2\repository\org\apache\httpcomponents\httpcore\4.0.1\httpcore-4.0.1.jar;C:\Users\SUKUMAR\.m2\repository\org\apache\httpcomponents\httpmime\4.0.1\httpmime-4.0.1.jar;C:\Users\SUKUMAR\.m2\repository\org\apache\james\apache-mime4j\0.6\apache-mime4j-0.6.jar;C:\Users\SUKUMAR\.m2\repository\commons-codec\commons-codec\1.4\commons-codec-1.4.jar;C:\Users\SUKUMAR\.m2\repository\net\sourceforge\htmlunit\htmlunit-core-js\2.8\htmlunit-core-js-2.8.jar;C:\Users\SUKUMAR\.m2\repository\xerces\xercesImpl\2.9.1\xercesImpl-2.9.1.jar;C:\Users\SUKUMAR\.m2\repository\net\sourceforge\nekohtml\nekohtml\1.9.14\nekohtml-1.9.14.jar;C:\Users\SUKUMAR\.m2\repository\net\sourceforge\cssparser\cssparser\0.9.5\cssparser-0.9.5.jar;C:\Users\SUKUMAR\.m2\repository\org\w3c\css\sac\1.3\sac-1.3.jar;C:\Users\SUKUMAR\.m2\repository\commons-io\commons-io\1.4\commons-io-1.4.jar;C:\Users\SUKUMAR\.m2\repository\net\sourceforge\jwebunit\jwebunit-core\2.5\jwebunit-core-2.5.jar;C:\Users\SUKUMAR\.m2\repository\regexp\regexp\1.3\regexp-1.3.jar;C:\Users\SUKUMAR\.m2\repository\javax\servlet\servlet-api\2.5\servlet-api-2.5.jar;C:\Users\SUKUMAR\.m2\repository\org\springframework\spring-test\3.1.3.RELEASE\spring-test-3.1.3.RELEASE.jar;C:\Users\SUKUMAR\.m2\repository\org\codehaus\cargo\cargo-ant\1.2.4\cargo-ant-1.2.4.jar;C:\Users\SUKUMAR\.m2\repository\org\codehaus\cargo\cargo-core-uberjar\1.2.4\cargo-core-uberjar-1.2.4.jar;C:\Users\SUKUMAR\.m2\repository\commons-discovery\commons-discovery\0.4\commons-discovery-0.4.jar;C:\Users\SUKUMAR\.m2\repository\jdom\jdom\1.0\jdom-1.0.jar;C:\Users\SUKUMAR\.m2\repository\jaxen\jaxen\1.0-FCS\jaxen-1.0-FCS.jar;C:\Users\SUKUMAR\.m2\repository\saxpath\saxpath\1.0-FCS\saxpath-1.0-FCS.jar;C:\Users\SUKUMAR\.m2\repository\msv\msv\20020414\msv-20020414.jar;C:\Users\SUKUMAR\.m2\repository\relaxngDatatype\relaxngDatatype\20020414\relaxngDatatype-20020414.jar;C:\Users\SUKUMAR\.m2\repository\isorelax\isorelax\20020414\isorelax-20020414.jar;C:\Users\SUKUMAR\.m2\repository\com\sun\xml\bind\jaxb-impl\2.1.13\jaxb-impl-2.1.13.jar;C:\Users\SUKUMAR\.m2\repository\javax\xml\stream\stax-api\1.0-2\stax-api-1.0-2.jar;C:\Users\SUKUMAR\.m2\repository\javax\activation\activation\1.1\activation-1.1.jar;C:\Users\SUKUMAR\.m2\repository\org\apache\ant\ant-launcher\1.7.1\ant-launcher-1.7.1.jar;C:\Users\SUKUMAR\.m2\repository\xml-apis\xml-apis\1.3.03\xml-apis-1.3.03.jar;"/>
    <property name="java.specification.name" value="Java Platform API Specification"/>
    <property name="java.class.version" value="51.0"/>
    <property name="sun.management.compiler" value="HotSpot 64-Bit Tiered Compilers"/>
    <property name="os.version" value="6.1"/>
    <property name="user.home" value="C:\Users\SUKUMAR"/>
    <property name="user.timezone" value="America/Los_Angeles"/>
    <property name="java.awt.printerjob" value="sun.awt.windows.WPrinterJob"/>
    <property name="java.specification.version" value="1.7"/>
    <property name="file.encoding" value="Cp1252"/>
    <property name="user.name" value="SUKUMAR"/>
    <property name="java.class.path" value="D:\Maven\pallu\target\test-classes;D:\Maven\pallu\target\classes;C:\Users\SUKUMAR\.m2\repository\org\appfuse\appfuse-service\2.2.1\appfuse-service-2.2.1.jar;C:\Users\SUKUMAR\.m2\repository\javax\mail\mail\1.4.1\mail-1.4.1.jar;C:\Users\SUKUMAR\.m2\repository\velocity\velocity\1.4\velocity-1.4.jar;C:\Users\SUKUMAR\.m2\repository\velocity\velocity-dep\1.4\velocity-dep-1.4.jar;C:\Users\SUKUMAR\.m2\repository\org\apache\cxf\cxf-rt-frontend-jaxrs\2.7.0\cxf-rt-frontend-jaxrs-2.7.0.jar;C:\Users\SUKUMAR\.m2\repository\org\apache\cxf\cxf-api\2.7.0\cxf-api-2.7.0.jar;C:\Users\SUKUMAR\.m2\repository\org\codehaus\woodstox\woodstox-core-asl\4.1.4\woodstox-core-asl-4.1.4.jar;C:\Users\SUKUMAR\.m2\repository\org\codehaus\woodstox\stax2-api\3.1.1\stax2-api-3.1.1.jar;C:\Users\SUKUMAR\.m2\repository\org\apache\ws\xmlschema\xmlschema-core\2.0.3\xmlschema-core-2.0.3.jar;C:\Users\SUKUMAR\.m2\repository\org\apache\geronimo\specs\geronimo-javamail_1.4_spec\1.7.1\geronimo-javamail_1.4_spec-1.7.1.jar;C:\Users\SUKUMAR\.m2\repository\wsdl4j\wsdl4j\1.6.2\wsdl4j-1.6.2.jar;C:\Users\SUKUMAR\.m2\repository\org\apache\cxf\cxf-rt-core\2.7.0\cxf-rt-core-2.7.0.jar;C:\Users\SUKUMAR\.m2\repository\javax\ws\rs\javax.ws.rs-api\2.0-m10\javax.ws.rs-api-2.0-m10.jar;C:\Users\SUKUMAR\.m2\repository\org\apache\cxf\cxf-rt-bindings-xml\2.7.0\cxf-rt-bindings-xml-2.7.0.jar;C:\Users\SUKUMAR\.m2\repository\org\apache\cxf\cxf-rt-transports-http\2.7.0\cxf-rt-transports-http-2.7.0.jar;C:\Users\SUKUMAR\.m2\repository\org\apache\cxf\cxf-rt-frontend-jaxws\2.7.0\cxf-rt-frontend-jaxws-2.7.0.jar;C:\Users\SUKUMAR\.m2\repository\xml-resolver\xml-resolver\1.2\xml-resolver-1.2.jar;C:\Users\SUKUMAR\.m2\repository\asm\asm\3.3.1\asm-3.3.1.jar;C:\Users\SUKUMAR\.m2\repository\org\apache\cxf\cxf-rt-bindings-soap\2.7.0\cxf-rt-bindings-soap-2.7.0.jar;C:\Users\SUKUMAR\.m2\repository\org\apache\cxf\cxf-rt-databinding-jaxb\2.7.0\cxf-rt-databinding-jaxb-2.7.0.jar;C:\Users\SUKUMAR\.m2\repository\org\apache\cxf\cxf-rt-frontend-simple\2.7.0\cxf-rt-frontend-simple-2.7.0.jar;C:\Users\SUKUMAR\.m2\repository\org\apache\cxf\cxf-rt-ws-addr\2.7.0\cxf-rt-ws-addr-2.7.0.jar;C:\Users\SUKUMAR\.m2\repository\org\apache\cxf\cxf-rt-ws-policy\2.7.0\cxf-rt-ws-policy-2.7.0.jar;C:\Users\SUKUMAR\.m2\repository\org\apache\neethi\neethi\3.0.2\neethi-3.0.2.jar;C:\Users\SUKUMAR\.m2\repository\org\codehaus\jackson\jackson-jaxrs\1.7.1\jackson-jaxrs-1.7.1.jar;C:\Users\SUKUMAR\.m2\repository\org\codehaus\jackson\jackson-core-asl\1.7.1\jackson-core-asl-1.7.1.jar;C:\Users\SUKUMAR\.m2\repository\org\codehaus\jackson\jackson-mapper-asl\1.7.1\jackson-mapper-asl-1.7.1.jar;C:\Users\SUKUMAR\.m2\repository\org\springframework\spring-aspects\3.1.3.RELEASE\spring-aspects-3.1.3.RELEASE.jar;C:\Users\SUKUMAR\.m2\repository\org\springframework\spring-context-support\3.1.3.RELEASE\spring-context-support-3.1.3.RELEASE.jar;C:\Users\SUKUMAR\.m2\repository\commons-dbcp\commons-dbcp\1.3\commons-dbcp-1.3.jar;C:\Users\SUKUMAR\.m2\repository\commons-pool\commons-pool\1.5.4\commons-pool-1.5.4.jar;C:\Users\SUKUMAR\.m2\repository\org\directwebremoting\dwr\2.0.3\dwr-2.0.3.jar;C:\Users\SUKUMAR\.m2\repository\net\sf\ehcache\ehcache-web\2.0.4\ehcache-web-2.0.4.jar;C:\Users\SUKUMAR\.m2\repository\net\sf\ehcache\ehcache-core\2.6.2\ehcache-core-2.6.2.jar;C:\Users\SUKUMAR\.m2\repository\javax\servlet\jstl\1.2\jstl-1.2.jar;C:\Users\SUKUMAR\.m2\repository\mysql\mysql-connector-java\5.1.22\mysql-connector-java-5.1.22.jar;C:\Users\SUKUMAR\.m2\repository\struts-menu\struts-menu\2.4.3\struts-menu-2.4.3.jar;C:\Users\SUKUMAR\.m2\repository\velocity-tools\velocity-tools-view\1.0\velocity-tools-view-1.0.jar;C:\Users\SUKUMAR\.m2\repository\opensymphony\sitemesh\2.4.2\sitemesh-2.4.2.jar;C:\Users\SUKUMAR\.m2\repository\org\springframework\spring-aop\3.1.3.RELEASE\spring-aop-3.1.3.RELEASE.jar;C:\Users\SUKUMAR\.m2\repository\aopalliance\aopalliance\1.0\aopalliance-1.0.jar;C:\Users\SUKUMAR\.m2\repository\org\springframework\spring-asm\3.1.3.RELEASE\spring-asm-3.1.3.RELEASE.jar;C:\Users\SUKUMAR\.m2\repository\org\springframework\spring-beans\3.1.3.RELEASE\spring-beans-3.1.3.RELEASE.jar;C:\Users\SUKUMAR\.m2\repository\org\springframework\spring-core\3.1.3.RELEASE\spring-core-3.1.3.RELEASE.jar;C:\Users\SUKUMAR\.m2\repository\org\springframework\security\spring-security-taglibs\3.1.3.RELEASE\spring-security-taglibs-3.1.3.RELEASE.jar;C:\Users\SUKUMAR\.m2\repository\org\springframework\security\spring-security-acl\3.1.3.RELEASE\spring-security-acl-3.1.3.RELEASE.jar;C:\Users\SUKUMAR\.m2\repository\org\springframework\security\spring-security-web\3.1.3.RELEASE\spring-security-web-3.1.3.RELEASE.jar;C:\Users\SUKUMAR\.m2\repository\org\springframework\spring-webmvc\3.1.3.RELEASE\spring-webmvc-3.1.3.RELEASE.jar;C:\Users\SUKUMAR\.m2\repository\org\springframework\spring-context\3.1.3.RELEASE\spring-context-3.1.3.RELEASE.jar;C:\Users\SUKUMAR\.m2\repository\org\springframework\spring-expression\3.1.3.RELEASE\spring-expression-3.1.3.RELEASE.jar;C:\Users\SUKUMAR\.m2\repository\org\springframework\spring-web\3.1.3.RELEASE\spring-web-3.1.3.RELEASE.jar;C:\Users\SUKUMAR\.m2\repository\org\tuckey\urlrewritefilter\3.1.0\urlrewritefilter-3.1.0.jar;C:\Users\SUKUMAR\.m2\repository\commons-lang\commons-lang\2.6\commons-lang-2.6.jar;C:\Users\SUKUMAR\.m2\repository\org\springframework\security\spring-security-core\3.1.3.RELEASE\spring-security-core-3.1.3.RELEASE.jar;C:\Users\SUKUMAR\.m2\repository\org\springframework\security\spring-security-config\3.1.3.RELEASE\spring-security-config-3.1.3.RELEASE.jar;C:\Users\SUKUMAR\.m2\repository\org\aspectj\aspectjweaver\1.6.10\aspectjweaver-1.6.10.jar;C:\Users\SUKUMAR\.m2\repository\org\aspectj\aspectjrt\1.6.10\aspectjrt-1.6.10.jar;C:\Users\SUKUMAR\.m2\repository\org\slf4j\slf4j-api\1.6.1\slf4j-api-1.6.1.jar;C:\Users\SUKUMAR\.m2\repository\org\slf4j\jcl-over-slf4j\1.6.1\jcl-over-slf4j-1.6.1.jar;C:\Users\SUKUMAR\.m2\repository\org\slf4j\slf4j-log4j12\1.6.1\slf4j-log4j12-1.6.1.jar;C:\Users\SUKUMAR\.m2\repository\log4j\log4j\1.2.17\log4j-1.2.17.jar;C:\Users\SUKUMAR\.m2\repository\org\appfuse\appfuse-hibernate\2.2.1\appfuse-hibernate-2.2.1.jar;C:\Users\SUKUMAR\.m2\repository\org\appfuse\appfuse-data-common\2.2.1\appfuse-data-common-2.2.1.jar;C:\Users\SUKUMAR\.m2\repository\org\hibernate\java-persistence\jpa-api\2.0-cr-1\jpa-api-2.0-cr-1.jar;C:\Users\SUKUMAR\.m2\repository\javax\xml\bind\jaxb-api\2.2\jaxb-api-2.2.jar;C:\Users\SUKUMAR\.m2\repository\org\hibernate\hibernate-search\4.1.1.Final\hibernate-search-4.1.1.Final.jar;C:\Users\SUKUMAR\.m2\repository\org\hibernate\hibernate-search-orm\4.1.1.Final\hibernate-search-orm-4.1.1.Final.jar;C:\Users\SUKUMAR\.m2\repository\org\hibernate\hibernate-search-engine\4.1.1.Final\hibernate-search-engine-4.1.1.Final.jar;C:\Users\SUKUMAR\.m2\repository\org\apache\avro\avro\1.5.1\avro-1.5.1.jar;C:\Users\SUKUMAR\.m2\repository\com\thoughtworks\paranamer\paranamer\2.3\paranamer-2.3.jar;C:\Users\SUKUMAR\.m2\repository\org\xerial\snappy\snappy-java\1.0.1-rc3\snappy-java-1.0.1-rc3.jar;C:\Users\SUKUMAR\.m2\repository\org\hibernate\hibernate-search-analyzers\4.1.1.Final\hibernate-search-analyzers-4.1.1.Final.jar;C:\Users\SUKUMAR\.m2\repository\org\apache\lucene\lucene-core\3.5.0\lucene-core-3.5.0.jar;C:\Users\SUKUMAR\.m2\repository\org\apache\lucene\lucene-analyzers\3.5.0\lucene-analyzers-3.5.0.jar;C:\Users\SUKUMAR\.m2\repository\org\apache\solr\solr-analysis-extras\3.5.0\solr-analysis-extras-3.5.0.jar;C:\Users\SUKUMAR\.m2\repository\org\apache\solr\solr-core\3.5.0\solr-core-3.5.0.jar;C:\Users\SUKUMAR\.m2\repository\org\apache\solr\solr-solrj\3.5.0\solr-solrj-3.5.0.jar;C:\Users\SUKUMAR\.m2\repository\org\apache\lucene\lucene-highlighter\3.5.0\lucene-highlighter-3.5.0.jar;C:\Users\SUKUMAR\.m2\repository\org\apache\lucene\lucene-memory\3.5.0\lucene-memory-3.5.0.jar;C:\Users\SUKUMAR\.m2\repository\org\apache\lucene\lucene-misc\3.5.0\lucene-misc-3.5.0.jar;C:\Users\SUKUMAR\.m2\repository\org\apache\lucene\lucene-spatial\3.5.0\lucene-spatial-3.5.0.jar;C:\Users\SUKUMAR\.m2\repository\org\apache\lucene\lucene-spellchecker\3.5.0\lucene-spellchecker-3.5.0.jar;C:\Users\SUKUMAR\.m2\repository\org\apache\lucene\lucene-grouping\3.5.0\lucene-grouping-3.5.0.jar;C:\Users\SUKUMAR\.m2\repository\org\apache\solr\solr-commons-csv\3.5.0\solr-commons-csv-3.5.0.jar;C:\Users\SUKUMAR\.m2\repository\com\google\guava\guava\r05\guava-r05.jar;C:\Users\SUKUMAR\.m2\repository\org\apache\lucene\lucene-smartcn\3.5.0\lucene-smartcn-3.5.0.jar;C:\Users\SUKUMAR\.m2\repository\org\apache\lucene\lucene-stempel\3.5.0\lucene-stempel-3.5.0.jar;C:\Users\SUKUMAR\.m2\repository\org\hibernate\hibernate-core\4.1.8.Final\hibernate-core-4.1.8.Final.jar;C:\Users\SUKUMAR\.m2\repository\org\jboss\logging\jboss-logging\3.1.0.GA\jboss-logging-3.1.0.GA.jar;C:\Users\SUKUMAR\.m2\repository\org\jboss\spec\javax\transaction\jboss-transaction-api_1.1_spec\1.0.0.Final\jboss-transaction-api_1.1_spec-1.0.0.Final.jar;C:\Users\SUKUMAR\.m2\repository\dom4j\dom4j\1.6.1\dom4j-1.6.1.jar;C:\Users\SUKUMAR\.m2\repository\org\hibernate\javax\persistence\hibernate-jpa-2.0-api\1.0.1.Final\hibernate-jpa-2.0-api-1.0.1.Final.jar;C:\Users\SUKUMAR\.m2\repository\org\javassist\javassist\3.15.0-GA\javassist-3.15.0-GA.jar;C:\Users\SUKUMAR\.m2\repository\org\hibernate\common\hibernate-commons-annotations\4.0.1.Final\hibernate-commons-annotations-4.0.1.Final.jar;C:\Users\SUKUMAR\.m2\repository\javassist\javassist\3.12.1.GA\javassist-3.12.1.GA.jar;C:\Users\SUKUMAR\.m2\repository\org\hibernate\hibernate-ehcache\4.1.8.Final\hibernate-ehcache-4.1.8.Final.jar;C:\Users\SUKUMAR\.m2\repository\commons-beanutils\commons-beanutils\1.8.3\commons-beanutils-1.8.3.jar;C:\Users\SUKUMAR\.m2\repository\org\springframework\spring-jdbc\3.1.3.RELEASE\spring-jdbc-3.1.3.RELEASE.jar;C:\Users\SUKUMAR\.m2\repository\org\springframework\spring-tx\3.1.3.RELEASE\spring-tx-3.1.3.RELEASE.jar;C:\Users\SUKUMAR\.m2\repository\org\springframework\spring-orm\3.1.3.RELEASE\spring-orm-3.1.3.RELEASE.jar;C:\Users\SUKUMAR\.m2\repository\com\h2database\h2\1.3.170\h2-1.3.170.jar;C:\Users\SUKUMAR\.m2\repository\javax\servlet\javax.servlet-api\3.0.1\javax.servlet-api-3.0.1.jar;C:\Users\SUKUMAR\.m2\repository\displaytag\displaytag\1.2\displaytag-1.2.jar;C:\Users\SUKUMAR\.m2\repository\commons-collections\commons-collections\3.1\commons-collections-3.1.jar;C:\Users\SUKUMAR\.m2\repository\com\lowagie\itext\1.3\itext-1.3.jar;C:\Users\SUKUMAR\.m2\repository\org\springmodules\spring-modules-validation\0.8\spring-modules-validation-0.8.jar;C:\Users\SUKUMAR\.m2\repository\commons-logging\commons-logging\1.0.4\commons-logging-1.0.4.jar;C:\Users\SUKUMAR\.m2\repository\commons-validator\commons-validator\1.3.0\commons-validator-1.3.0.jar;C:\Users\SUKUMAR\.m2\repository\oro\oro\2.0.8\oro-2.0.8.jar;C:\Users\SUKUMAR\.m2\repository\commons-digester\commons-digester\1.7\commons-digester-1.7.jar;C:\Users\SUKUMAR\.m2\repository\antlr\antlr\2.7.6\antlr-2.7.6.jar;C:\Users\SUKUMAR\.m2\repository\org\webjars\bootstrap\2.2.1\bootstrap-2.2.1.jar;C:\Users\SUKUMAR\.m2\repository\org\webjars\jquery\1.8.2\jquery-1.8.2.jar;C:\Users\SUKUMAR\.m2\repository\junit\junit\4.10\junit-4.10.jar;C:\Users\SUKUMAR\.m2\repository\org\hamcrest\hamcrest-core\1.1\hamcrest-core-1.1.jar;C:\Users\SUKUMAR\.m2\repository\org\jmock\jmock\2.5.1\jmock-2.5.1.jar;C:\Users\SUKUMAR\.m2\repository\org\hamcrest\hamcrest-library\1.1\hamcrest-library-1.1.jar;C:\Users\SUKUMAR\.m2\repository\org\jmock\jmock-junit4\2.5.1\jmock-junit4-2.5.1.jar;C:\Users\SUKUMAR\.m2\repository\junit\junit-dep\4.5\junit-dep-4.5.jar;C:\Users\SUKUMAR\.m2\repository\net\sourceforge\jwebunit\jwebunit-htmlunit-plugin\2.5\jwebunit-htmlunit-plugin-2.5.jar;C:\Users\SUKUMAR\.m2\repository\net\sourceforge\htmlunit\htmlunit\2.8\htmlunit-2.8.jar;C:\Users\SUKUMAR\.m2\repository\xalan\xalan\2.7.1\xalan-2.7.1.jar;C:\Users\SUKUMAR\.m2\repository\xalan\serializer\2.7.1\serializer-2.7.1.jar;C:\Users\SUKUMAR\.m2\repository\org\apache\httpcomponents\httpclient\4.0.1\httpclient-4.0.1.jar;C:\Users\SUKUMAR\.m2\repository\org\apache\httpcomponents\httpcore\4.0.1\httpcore-4.0.1.jar;C:\Users\SUKUMAR\.m2\repository\org\apache\httpcomponents\httpmime\4.0.1\httpmime-4.0.1.jar;C:\Users\SUKUMAR\.m2\repository\org\apache\james\apache-mime4j\0.6\apache-mime4j-0.6.jar;C:\Users\SUKUMAR\.m2\repository\commons-codec\commons-codec\1.4\commons-codec-1.4.jar;C:\Users\SUKUMAR\.m2\repository\net\sourceforge\htmlunit\htmlunit-core-js\2.8\htmlunit-core-js-2.8.jar;C:\Users\SUKUMAR\.m2\repository\xerces\xercesImpl\2.9.1\xercesImpl-2.9.1.jar;C:\Users\SUKUMAR\.m2\repository\net\sourceforge\nekohtml\nekohtml\1.9.14\nekohtml-1.9.14.jar;C:\Users\SUKUMAR\.m2\repository\net\sourceforge\cssparser\cssparser\0.9.5\cssparser-0.9.5.jar;C:\Users\SUKUMAR\.m2\repository\org\w3c\css\sac\1.3\sac-1.3.jar;C:\Users\SUKUMAR\.m2\repository\commons-io\commons-io\1.4\commons-io-1.4.jar;C:\Users\SUKUMAR\.m2\repository\net\sourceforge\jwebunit\jwebunit-core\2.5\jwebunit-core-2.5.jar;C:\Users\SUKUMAR\.m2\repository\regexp\regexp\1.3\regexp-1.3.jar;C:\Users\SUKUMAR\.m2\repository\javax\servlet\servlet-api\2.5\servlet-api-2.5.jar;C:\Users\SUKUMAR\.m2\repository\org\springframework\spring-test\3.1.3.RELEASE\spring-test-3.1.3.RELEASE.jar;C:\Users\SUKUMAR\.m2\repository\org\codehaus\cargo\cargo-ant\1.2.4\cargo-ant-1.2.4.jar;C:\Users\SUKUMAR\.m2\repository\org\codehaus\cargo\cargo-core-uberjar\1.2.4\cargo-core-uberjar-1.2.4.jar;C:\Users\SUKUMAR\.m2\repository\commons-discovery\commons-discovery\0.4\commons-discovery-0.4.jar;C:\Users\SUKUMAR\.m2\repository\jdom\jdom\1.0\jdom-1.0.jar;C:\Users\SUKUMAR\.m2\repository\jaxen\jaxen\1.0-FCS\jaxen-1.0-FCS.jar;C:\Users\SUKUMAR\.m2\repository\saxpath\saxpath\1.0-FCS\saxpath-1.0-FCS.jar;C:\Users\SUKUMAR\.m2\repository\msv\msv\20020414\msv-20020414.jar;C:\Users\SUKUMAR\.m2\repository\relaxngDatatype\relaxngDatatype\20020414\relaxngDatatype-20020414.jar;C:\Users\SUKUMAR\.m2\repository\isorelax\isorelax\20020414\isorelax-20020414.jar;C:\Users\SUKUMAR\.m2\repository\com\sun\xml\bind\jaxb-impl\2.1.13\jaxb-impl-2.1.13.jar;C:\Users\SUKUMAR\.m2\repository\javax\xml\stream\stax-api\1.0-2\stax-api-1.0-2.jar;C:\Users\SUKUMAR\.m2\repository\javax\activation\activation\1.1\activation-1.1.jar;C:\Users\SUKUMAR\.m2\repository\org\apache\ant\ant-launcher\1.7.1\ant-launcher-1.7.1.jar;C:\Users\SUKUMAR\.m2\repository\xml-apis\xml-apis\1.3.03\xml-apis-1.3.03.jar;"/>
    <property name="java.vm.specification.version" value="1.7"/>
    <property name="sun.arch.data.model" value="64"/>
    <property name="java.home" value="C:\Program Files\Java\jdk1.7.0_51\jre"/>
    <property name="sun.java.command" value="D:\Maven\pallu\target\surefire\surefirebooter2188202926530388196.jar D:\Maven\pallu\target\surefire\surefire2869391768664258123tmp D:\Maven\pallu\target\surefire\surefire8079010433906778833tmp"/>
    <property name="java.specification.vendor" value="Oracle Corporation"/>
    <property name="user.language" value="en"/>
    <property name="awt.toolkit" value="sun.awt.windows.WToolkit"/>
    <property name="java.vm.info" value="mixed mode"/>
    <property name="java.version" value="1.7.0_51"/>
    <property name="java.ext.dirs" value="C:\Program Files\Java\jdk1.7.0_51\jre\lib\ext;C:\Windows\Sun\Java\lib\ext"/>
    <property name="sun.boot.class.path" value="C:\Program Files\Java\jdk1.7.0_51\jre\lib\resources.jar;C:\Program Files\Java\jdk1.7.0_51\jre\lib\rt.jar;C:\Program Files\Java\jdk1.7.0_51\jre\lib\sunrsasign.jar;C:\Program Files\Java\jdk1.7.0_51\jre\lib\jsse.jar;C:\Program Files\Java\jdk1.7.0_51\jre\lib\jce.jar;C:\Program Files\Java\jdk1.7.0_51\jre\lib\charsets.jar;C:\Program Files\Java\jdk1.7.0_51\jre\lib\jfr.jar;C:\Program Files\Java\jdk1.7.0_51\jre\classes"/>
    <property name="java.vendor" value="Oracle Corporation"/>
    <property name="localRepository" value="C:\Users\SUKUMAR\.m2\repository"/>
    <property name="file.separator" value="\"/>
    <property name="java.vendor.url.bug" value="http://bugreport.sun.com/bugreport/"/>
    <property name="sun.cpu.endian" value="little"/>
    <property name="sun.io.unicode.encoding" value="UnicodeLittle"/>
    <property name="sun.desktop" value="windows"/>
    <property name="sun.cpu.isalist" value="amd64"/>
  </properties>
  <testcase time="0.586" classname="Pallu.webapp.controller.UserFormControllerTest" name="testRemove"/>
  <testcase time="0.013" classname="Pallu.webapp.controller.UserFormControllerTest" name="testSave"/>
  <testcase time="0.012" classname="Pallu.webapp.controller.UserFormControllerTest" name="testEdit"/>
</testsuite>